0 info it worked if it ends with ok
1 verbose cli [ '/usr/bin/node', '/usr/bin/npm', 'run', 'build' ]
2 info using npm@3.5.2
3 info using node@v8.10.0
4 verbose run-script [ 'prebuild', 'build', 'postbuild' ]
5 info lifecycle manymailerplus@1.5.0~prebuild: manymailerplus@1.5.0
6 silly lifecycle manymailerplus@1.5.0~prebuild: no script for prebuild, continuing
7 info lifecycle manymailerplus@1.5.0~build: manymailerplus@1.5.0
8 verbose lifecycle manymailerplus@1.5.0~build: unsafe-perm in lifecycle true
9 verbose lifecycle manymailerplus@1.5.0~build: PATH: /usr/share/npm/bin/node-gyp-bin:/var/www/ee/system/user/addons/manymailerplus/node_modules/.bin:/root/.vscode-server-insiders/bin/b53811e67e65c6a564a80e1c412ca2b13de02907/bin:/root/.vscode-server-insiders/bin/b53811e67e65c6a564a80e1c412ca2b13de02907/bin:/usr/local/sbin:/usr/local/bin:/usr/sbin:/usr/bin:/sbin:/bin:/usr/games:/usr/local/games:/snap/bin
10 verbose lifecycle manymailerplus@1.5.0~build: CWD: /var/www/ee/system/user/addons/manymailerplus
11 silly lifecycle manymailerplus@1.5.0~build: Args: [ '-c',
11 silly lifecycle   'npx node_modules/webpack --mode development -d --progress --colors --watch' ]
12 info lifecycle manymailerplus@1.5.0~build: Failed to exec build script
13 verbose stack Error: manymailerplus@1.5.0 build: `npx node_modules/webpack --mode development -d --progress --colors --watch`
13 verbose stack spawn ENOENT
13 verbose stack     at ChildProcess.<anonymous> (/usr/share/npm/lib/utils/spawn.js:17:16)
13 verbose stack     at emitTwo (events.js:126:13)
13 verbose stack     at ChildProcess.emit (events.js:214:7)
13 verbose stack     at maybeClose (internal/child_process.js:925:16)
13 verbose stack     at Process.ChildProcess._handle.onexit (internal/child_process.js:209:5)
14 verbose pkgid manymailerplus@1.5.0
15 verbose cwd /var/www/ee/system/user/addons/manymailerplus
16 error Linux 4.15.0-66-generic
17 error argv "/usr/bin/node" "/usr/bin/npm" "run" "build"
18 error node v8.10.0
19 error npm  v3.5.2
20 error file sh
21 error code ELIFECYCLE
22 error errno ENOENT
23 error syscall spawn
24 error manymailerplus@1.5.0 build: `npx node_modules/webpack --mode development -d --progress --colors --watch`
24 error spawn ENOENT
25 error Failed at the manymailerplus@1.5.0 build script 'npx node_modules/webpack --mode development -d --progress --colors --watch'.
25 error Make sure you have the latest version of node.js and npm installed.
25 error If you do, this is most likely a problem with the manymailerplus package,
25 error not with npm itself.
25 error Tell the author that this fails on your system:
25 error     npx node_modules/webpack --mode development -d --progress --colors --watch
25 error You can get information on how to open an issue for this project with:
25 error     npm bugs manymailerplus
25 error Or if that isn't available, you can get their info via:
25 error     npm owner ls manymailerplus
25 error There is likely additional logging output above.
26 verbose exit [ 1, true ]
